---------------------------------------------------------------------------------------------------------------------------------------------------------------------------------------------------------------------------------------------------------------
      name:  <unnamed>
       log:  //Client/C$/Users/david/Documents/UCLA/2020-2021/Spring Course Materials/Econ 143/output.log
  log type:  text
 opened on:  26 May 2021, 15:17:30

. 
. *******************************************************************************
. *                       Set Up Data
. *******************************************************************************
. 
. /* import delimited "$data/faps_household_puf.csv"
> keep hhnum hhsize inchhavg_r
> save "$project/temp_household.dta", replace */
. 
. /* import delimited "$data/faps_fahevent_puf.csv"
> keep eventid hhnum placetype totalpaid cash itemstot placedist_d placedist_s placedist_w
> save "$project/temp_fahevent.dta", replace */
. 
. /* clear
> use "$project/temp_household.dta"
> merge 1:m hhnum using "$project/temp_fahevent.dta"
> save "$project/core.dta", replace */
. 
. *******************************************************************************
. *                       Load and Clean Data
. *******************************************************************************
. 
. clear

. use "$project/core.dta"

. 
. * remove low-quality observations
. drop if cash == -996
(953 observations deleted)

. drop if _merge == 1
(414 observations deleted)

. drop if placedist_d == -996
(39 observations deleted)

. drop if totalpaid == . | placedist_d == . | cash == . | itemstot == .
(1,401 observations deleted)

. 
. rename totalpaid bill

. rename inchhavg_r inc

. rename itemstot items

. 
. keep if placetype == 102 | placetype == 107 | placetype == 109 | placetype == 111 | placetype == 112 | placetype == 113 | placetype == 114 | placetype == 121 | placetype == 122 | placetype == 123 | placetype == 124
(2,275 observations deleted)

. 
. *******************************************************************************
. *                       Core Analysis
. *******************************************************************************
. 
. * core regression
. regress bill hhsize inc placedist_d items cash

      Source |       SS           df       MS      Number of obs   =    11,330
-------------+----------------------------------   F(5, 11324)     =   3164.76
       Model |  15678861.7         5  3135772.34   Prob > F        =    0.0000
    Residual |  11220275.3    11,324  990.840277   R-squared       =    0.5829
-------------+----------------------------------   Adj R-squared   =    0.5827
       Total |    26899137    11,329  2374.36111   Root MSE        =    31.478

------------------------------------------------------------------------------
        bill |      Coef.   Std. Err.      t    P>|t|     [95% Conf. Interval]
-------------+----------------------------------------------------------------
      hhsize |   .0588954   .1603431     0.37   0.713    -.2554048    .3731957
         inc |    .001154   .0000787    14.66   0.000     .0009997    .0013083
 placedist_d |   .1030622   .0220246     4.68   0.000     .0598903    .1462342
       items |   2.434437   .0202301   120.34   0.000     2.394782    2.474091
        cash |  -6.768742   .6135927   -11.03   0.000     -7.97149   -5.565994
       _cons |   6.450728   .7463545     8.64   0.000     4.987744    7.913712
------------------------------------------------------------------------------

. 
. *******************************************************************************
. *                       Issue 1: Nonlinear Terms
. *******************************************************************************
. 
. * RESET
. ovtest

Ramsey RESET test using powers of the fitted values of bill
       Ho:  model has no omitted variables
               F(3, 11321) =     25.59
                  Prob > F =      0.0000

. 
. * confirm
. predict yhat
(option xb assumed; fitted values)

. gen yhat2 = yhat^2

. gen yhat3 = yhat^3

. regress bill hhsize inc placedist_d items cash yhat2 yhat3

      Source |       SS           df       MS      Number of obs   =    11,330
-------------+----------------------------------   F(7, 11322)     =   2286.10
       Model |  15753469.2         7   2250495.6   Prob > F        =    0.0000
    Residual |  11145667.8    11,322  984.425703   R-squared       =    0.5856
-------------+----------------------------------   Adj R-squared   =    0.5854
       Total |    26899137    11,329  2374.36111   Root MSE        =    31.376

------------------------------------------------------------------------------
        bill |      Coef.   Std. Err.      t    P>|t|     [95% Conf. Interval]
-------------+----------------------------------------------------------------
      hhsize |   .0733968    .159889     0.46   0.646    -.2400135    .3868071
         inc |   .0011798     .00008    14.75   0.000      .001023    .0013366
 placedist_d |   .1068176   .0220174     4.85   0.000     .0636597    .1499754
       items |   2.702723   .0663576    40.73   0.000      2.57265    2.832795
        cash |   -6.53538   .6134528   -10.65   0.000    -7.737854   -5.332906
       yhat2 |   -.000486     .00021    -2.31   0.021    -.0008976   -.0000744
       yhat3 |  -2.34e-07   3.69e-07    -0.63   0.527    -9.58e-07    4.91e-07
       _cons |   4.432363   .8330152     5.32   0.000     2.799509    6.065217
------------------------------------------------------------------------------

. 
. // generate nonlinear terms
. gen inc2 = inc^2

. gen hh2 = hhsize^2 // P>|t| = 0.971

. gen dist2 = placedist_d^2

. gen item2 = items^2

. 
. gen inc_hh = inc * hhsize // P>|t| = 0.440

. gen inc_dist = inc * placedist_d

. gen inc_item = inc * items

. gen hh_dist = hhsize * placedist_d // P>|t| = 0.167

. gen hh_item = hhsize * items // P>|t| = 0.798

. gen dist_item = placedist_d * items // P>|t| = 0.337

. 
. regress bill hhsize inc placedist_d items cash inc2 hh2 dist2 item2 inc_hh inc_dist inc_item hh_dist hh_item dist_item // test these terms

      Source |       SS           df       MS      Number of obs   =    11,330
-------------+----------------------------------   F(15, 11314)    =   1094.50
       Model |  15924725.5        15  1061648.37   Prob > F        =    0.0000
    Residual |  10974411.4    11,314  969.985102   R-squared       =    0.5920
-------------+----------------------------------   Adj R-squared   =    0.5915
       Total |    26899137    11,329  2374.36111   Root MSE        =    31.145

------------------------------------------------------------------------------
        bill |      Coef.   Std. Err.      t    P>|t|     [95% Conf. Interval]
-------------+----------------------------------------------------------------
      hhsize |   .0815594   .4968945     0.16   0.870    -.8924402    1.055559
         inc |   .0013343   .0002664     5.01   0.000     .0008122    .0018565
 placedist_d |   .3800916    .071327     5.33   0.000     .2402782    .5199049
       items |   2.455608   .0576005    42.63   0.000     2.342701    2.568515
        cash |  -6.116081   .6109016   -10.01   0.000    -7.313555   -4.918608
        inc2 |  -3.50e-08   9.69e-09    -3.61   0.000    -5.40e-08   -1.60e-08
         hh2 |   .0018092   .0489364     0.04   0.971    -.0941147    .0977331
       dist2 |  -.0021045   .0002545    -8.27   0.000    -.0026034   -.0016055
       item2 |  -.0030572   .0004349    -7.03   0.000    -.0039096   -.0022048
      inc_hh |  -.0000376   .0000486    -0.77   0.440     -.000133    .0000578
    inc_dist |  -.0000107   4.73e-06    -2.27   0.023      -.00002   -1.46e-06
    inc_item |   .0000473   5.69e-06     8.31   0.000     .0000361    .0000584
     hh_dist |   .0218022   .0157659     1.38   0.167    -.0091018    .0527061
     hh_item |    .002661   .0103816     0.26   0.798    -.0176887    .0230108
   dist_item |   .0016743   .0017421     0.96   0.337    -.0017405     .005089
       _cons |   3.954447   1.299861     3.04   0.002     1.406494    6.502399
------------------------------------------------------------------------------

. 
. regress bill hhsize inc placedist_d items cash inc2 dist2 item2 inc_dist inc_item // keep significant terms

      Source |       SS           df       MS      Number of obs   =    11,330
-------------+----------------------------------   F(10, 11319)    =   1641.56
       Model |  15921104.7        10  1592110.47   Prob > F        =    0.0000
    Residual |  10978032.3    11,319   969.87652   R-squared       =    0.5919
-------------+----------------------------------   Adj R-squared   =    0.5915
       Total |    26899137    11,329  2374.36111   Root MSE        =    31.143

------------------------------------------------------------------------------
        bill |      Coef.   Std. Err.      t    P>|t|     [95% Conf. Interval]
-------------+----------------------------------------------------------------
      hhsize |   .0838108   .1610507     0.52   0.603    -.2318765    .3994982
         inc |   .0012024   .0002024     5.94   0.000     .0008057    .0015992
 placedist_d |   .4687208    .048915     9.58   0.000      .372839    .5646026
       items |     2.4775   .0463788    53.42   0.000      2.38659    2.568411
        cash |  -6.133352   .6103309   -10.05   0.000    -7.329707   -4.936998
        inc2 |  -3.45e-08   9.64e-09    -3.58   0.000    -5.34e-08   -1.56e-08
       dist2 |  -.0021431   .0002534    -8.46   0.000    -.0026397   -.0016465
       item2 |   -.003039   .0004187    -7.26   0.000    -.0038598   -.0022182
    inc_dist |  -.0000111   4.70e-06    -2.36   0.018    -.0000203   -1.87e-06
    inc_item |   .0000471   5.63e-06     8.35   0.000      .000036    .0000581
       _cons |   3.829377   .9078693     4.22   0.000     2.049795    5.608958
------------------------------------------------------------------------------

. 
. regress bill hhsize inc placedist_d items cash inc2 inc_dist // keep terms that make theoretical sense

      Source |       SS           df       MS      Number of obs   =    11,330
-------------+----------------------------------   F(7, 11322)     =   2267.71
       Model |  15700722.7         7  2242960.38   Prob > F        =    0.0000
    Residual |  11198414.3    11,322  989.084466   R-squared       =    0.5837
-------------+----------------------------------   Adj R-squared   =    0.5834
       Total |    26899137    11,329  2374.36111   Root MSE        =     31.45

------------------------------------------------------------------------------
        bill |      Coef.   Std. Err.      t    P>|t|     [95% Conf. Interval]
-------------+----------------------------------------------------------------
      hhsize |  -.0508915   .1623068    -0.31   0.754     -.369041     .267258
         inc |   .0019194   .0001914    10.03   0.000     .0015442    .0022946
 placedist_d |    .154648   .0318412     4.86   0.000     .0922337    .2170624
       items |   2.434065   .0202162   120.40   0.000     2.394438    2.473693
        cash |  -6.661869   .6137784   -10.85   0.000    -7.864981   -5.458757
        inc2 |  -3.90e-08   9.73e-09    -4.01   0.000    -5.81e-08   -1.99e-08
    inc_dist |   -.000011   4.74e-06    -2.32   0.020    -.0000203   -1.73e-06
       _cons |   4.860107   .8210005     5.92   0.000     3.250803     6.46941
------------------------------------------------------------------------------

. 
. *******************************************************************************
. *                       Issue 2: Omitted Variable Bias
. *******************************************************************************
. 
. rvfplot, yline(0) msize(vtiny)

. rvpplot inc, msize(vtiny)

. rvpplot hhsize, msize(vtiny)

. rvpplot placedist_d, msize(vtiny) // evidence of heteroskedasticity

. rvpplot items, msize(vtiny)

. rvpplot cash, msize(vtiny)

. 
. *******************************************************************************
. *                       Issue 3: Collinearity
. *******************************************************************************
. 
. * run auxiliary regressions to search for collinearity. R^2 in the comment
. reg inc hhsize placedist_d items cash // 0.0314

      Source |       SS           df       MS      Number of obs   =    11,330
-------------+----------------------------------   F(4, 11325)     =     91.93
       Model |  5.1948e+09         4  1.2987e+09   Prob > F        =    0.0000
    Residual |  1.5998e+11    11,325  14126331.4   R-squared       =    0.0314
-------------+----------------------------------   Adj R-squared   =    0.0311
       Total |  1.6518e+11    11,329  14579880.7   Root MSE        =    3758.5

------------------------------------------------------------------------------
         inc |      Coef.   Std. Err.      t    P>|t|     [95% Conf. Interval]
-------------+----------------------------------------------------------------
      hhsize |   296.5709   18.94143    15.66   0.000     259.4424    333.6994
 placedist_d |   12.64787   2.627097     4.81   0.000     7.498308    17.79744
       items |  -.5999339   2.415514    -0.25   0.804    -5.334761    4.134894
        cash |  -731.0375   72.94166   -10.02   0.000    -874.0158   -588.0592
       _cons |   3305.532   83.52802    39.57   0.000     3141.803    3469.262
------------------------------------------------------------------------------

. reg hhsize placedist_d items cash inc // 0.0348

      Source |       SS           df       MS      Number of obs   =    11,330
-------------+----------------------------------   F(4, 11325)     =    101.94
       Model |  1387.61458         4  346.903644   Prob > F        =    0.0000
    Residual |  38539.2529    11,325  3.40302454   R-squared       =    0.0348
-------------+----------------------------------   Adj R-squared   =    0.0344
       Total |  39926.8675    11,329  3.52430643   Root MSE        =    1.8447

------------------------------------------------------------------------------
      hhsize |      Coef.   Std. Err.      t    P>|t|     [95% Conf. Interval]
-------------+----------------------------------------------------------------
 placedist_d |  -.0082401   .0012884    -6.40   0.000    -.0107656   -.0057145
       items |   .0132466    .001179    11.24   0.000     .0109355    .0155577
        cash |   .0909194   .0359491     2.53   0.011     .0204529    .1613859
         inc |   .0000714   4.56e-06    15.66   0.000     .0000625    .0000804
       _cons |   2.867875   .0344517    83.24   0.000     2.800344    2.935406
------------------------------------------------------------------------------

. reg placedist_d items cash inc hhsize // 0.0057

      Source |       SS           df       MS      Number of obs   =    11,330
-------------+----------------------------------   F(4, 11325)     =     16.18
       Model |  11671.9347         4  2917.98367   Prob > F        =    0.0000
    Residual |  2042627.57    11,325  180.364466   R-squared       =    0.0057
-------------+----------------------------------   Adj R-squared   =    0.0053
       Total |  2054299.51    11,329  181.331054   Root MSE        =     13.43

------------------------------------------------------------------------------
 placedist_d |      Coef.   Std. Err.      t    P>|t|     [95% Conf. Interval]
-------------+----------------------------------------------------------------
       items |   .0214685   .0086289     2.49   0.013     .0045545    .0383826
        cash |  -.3595986   .2617687    -1.37   0.170    -.8727106    .1535134
         inc |   .0001615   .0000335     4.81   0.000     .0000957    .0002272
      hhsize |  -.4367329   .0682875    -6.40   0.000    -.5705881   -.3028776
       _cons |   6.476434    .312564    20.72   0.000     5.863754    7.089114
------------------------------------------------------------------------------

. reg items cash inc hhsize placedist_d // 0.0293

      Source |       SS           df       MS      Number of obs   =    11,330
-------------+----------------------------------   F(4, 11325)     =     85.54
       Model |  73150.2544         4  18287.5636   Prob > F        =    0.0000
    Residual |  2421072.16    11,325  213.781207   R-squared       =    0.0293
-------------+----------------------------------   Adj R-squared   =    0.0290
       Total |  2494222.42    11,329  220.162628   Root MSE        =    14.621

------------------------------------------------------------------------------
       items |      Coef.   Std. Err.      t    P>|t|     [95% Conf. Interval]
-------------+----------------------------------------------------------------
        cash |  -4.060544   .2824464   -14.38   0.000    -4.614187     -3.5069
         inc |  -9.08e-06   .0000366    -0.25   0.804    -.0000807    .0000626
      hhsize |    .832165   .0740672    11.24   0.000     .6869804    .9773497
 placedist_d |   .0254461   .0102275     2.49   0.013     .0053983    .0454939
       _cons |   10.81343   .3314539    32.62   0.000     10.16373    11.46314
------------------------------------------------------------------------------

. reg cash inc hhsize placedist_d items // 0.0271

      Source |       SS           df       MS      Number of obs   =    11,330
-------------+----------------------------------   F(4, 11325)     =     78.79
       Model |  73.2381389         4  18.3095347   Prob > F        =    0.0000
    Residual |  2631.74165    11,325  .232383369   R-squared       =    0.0271
-------------+----------------------------------   Adj R-squared   =    0.0267
       Total |  2704.97979    11,329   .23876598   Root MSE        =    .48206

------------------------------------------------------------------------------
        cash |      Coef.   Std. Err.      t    P>|t|     [95% Conf. Interval]
-------------+----------------------------------------------------------------
         inc |   -.000012   1.20e-06   -10.02   0.000    -.0000144   -9.67e-06
      hhsize |   .0062086   .0024549     2.53   0.011     .0013967    .0110206
 placedist_d |  -.0004633   .0003373    -1.37   0.170    -.0011244    .0001978
       items |  -.0044139    .000307   -14.38   0.000    -.0050157   -.0038121
       _cons |   .4782519   .0105094    45.51   0.000     .4576516    .4988522
------------------------------------------------------------------------------

. 
. // R^2 below 0.8 so we do not worry about collinearity
. 
. *******************************************************************************
. *                       Issue 4: Heteroskedasticity
. *******************************************************************************
. 
. * check for heteroskedasticity
. estat imtest, white // use white test

White's test for Ho: homoskedasticity
         against Ha: unrestricted heteroskedasticity

         chi2(14)     =    871.45
         Prob > chi2  =    0.0000

Cameron & Trivedi's decomposition of IM-test

---------------------------------------------------
              Source |       chi2     df      p
---------------------+-----------------------------
  Heteroskedasticity |     871.45     14    0.0000
            Skewness |     818.30      4    0.0000
            Kurtosis |    5019.78      1    0.0000
---------------------+-----------------------------
               Total |    6709.53     19    0.0000
---------------------------------------------------

. estat hettest // breusch pagan

Breusch-Pagan / Cook-Weisberg test for heteroskedasticity 
         Ho: Constant variance
         Variables: fitted values of cash

         chi2(1)      =    25.41
         Prob > chi2  =   0.0000

. 
. regress bill hhsize inc placedist_d items cash inc2 inc_dist, vce(robust) // robust SE

Linear regression                               Number of obs     =     11,330
                                                F(7, 11322)       =     562.87
                                                Prob > F          =     0.0000
                                                R-squared         =     0.5837
                                                Root MSE          =      31.45

------------------------------------------------------------------------------
             |               Robust
        bill |      Coef.   Std. Err.      t    P>|t|     [95% Conf. Interval]
-------------+----------------------------------------------------------------
      hhsize |  -.0508915   .1606539    -0.32   0.751    -.3658009     .264018
         inc |   .0019194   .0002147     8.94   0.000     .0014986    .0023403
 placedist_d |    .154648   .0338915     4.56   0.000     .0882148    .2210812
       items |   2.434065   .0457992    53.15   0.000     2.344291     2.52384
        cash |  -6.661869   .5754769   -11.58   0.000    -7.789904   -5.533835
        inc2 |  -3.90e-08   1.13e-08    -3.44   0.001    -6.12e-08   -1.68e-08
    inc_dist |   -.000011   3.37e-06    -3.27   0.001    -.0000176   -4.42e-06
       _cons |   4.860107   .8303562     5.85   0.000     3.232465    6.487749
------------------------------------------------------------------------------

. hetregress bill hhsize inc placedist_d items cash inc2 inc_dist, het(hhsize inc placedist_d items cash inc2 inc_dist) twostep // use FGLS

Heteroskedastic linear regression               Number of obs     =     11,330
Two-step GLS estimation
                                                Wald chi2(7)      =    8562.93
                                                Prob > chi2       =     0.0000

------------------------------------------------------------------------------
        bill |      Coef.   Std. Err.      z    P>|z|     [95% Conf. Interval]
-------------+----------------------------------------------------------------
bill         |
      hhsize |   .4620454    .110149     4.19   0.000     .2461574    .6779333
         inc |   .0009434    .000148     6.37   0.000     .0006533    .0012335
 placedist_d |   .3504998   .0343416    10.21   0.000     .2831915    .4178081
       items |   2.462082   .0283513    86.84   0.000     2.406514    2.517649
        cash |  -4.522312   .4001154   -11.30   0.000    -5.306524     -3.7381
        inc2 |  -1.26e-08   9.05e-09    -1.39   0.163    -3.03e-08    5.12e-09
    inc_dist |  -.0000179   2.47e-06    -7.27   0.000    -.0000228   -.0000131
       _cons |   3.610921   .5581718     6.47   0.000     2.516925    4.704918
-------------+----------------------------------------------------------------
lnsigma2     |
      hhsize |   .0420882   .0114645     3.67   0.000     .0196182    .0645582
         inc |   .0002428   .0000135    17.96   0.000     .0002163    .0002693
 placedist_d |   .0244783   .0022491    10.88   0.000     .0200702    .0288865
       items |   .0485945    .001428    34.03   0.000     .0457957    .0513932
        cash |  -.8127712   .0433541   -18.75   0.000    -.8977435   -.7277988
        inc2 |  -6.54e-09   6.87e-10    -9.52   0.000    -7.89e-09   -5.20e-09
    inc_dist |  -1.97e-06   3.35e-07    -5.88   0.000    -2.63e-06   -1.31e-06
       _cons |   4.330969   .0579911    74.68   0.000     4.217309     4.44463
------------------------------------------------------------------------------
Wald test of lnsigma2=0: chi2(6) = 2359.09                Prob > chi2 = 0.0000

. 
. * conduct feasible generalized least squares by hand
. regress bill hhsize inc placedist_d items cash inc2 inc_dist

      Source |       SS           df       MS      Number of obs   =    11,330
-------------+----------------------------------   F(7, 11322)     =   2267.71
       Model |  15700722.7         7  2242960.38   Prob > F        =    0.0000
    Residual |  11198414.3    11,322  989.084466   R-squared       =    0.5837
-------------+----------------------------------   Adj R-squared   =    0.5834
       Total |    26899137    11,329  2374.36111   Root MSE        =     31.45

------------------------------------------------------------------------------
        bill |      Coef.   Std. Err.      t    P>|t|     [95% Conf. Interval]
-------------+----------------------------------------------------------------
      hhsize |  -.0508915   .1623068    -0.31   0.754     -.369041     .267258
         inc |   .0019194   .0001914    10.03   0.000     .0015442    .0022946
 placedist_d |    .154648   .0318412     4.86   0.000     .0922337    .2170624
       items |   2.434065   .0202162   120.40   0.000     2.394438    2.473693
        cash |  -6.661869   .6137784   -10.85   0.000    -7.864981   -5.458757
        inc2 |  -3.90e-08   9.73e-09    -4.01   0.000    -5.81e-08   -1.99e-08
    inc_dist |   -.000011   4.74e-06    -2.32   0.020    -.0000203   -1.73e-06
       _cons |   4.860107   .8210005     5.92   0.000     3.250803     6.46941
------------------------------------------------------------------------------

. predict yhat_fgls
(option xb assumed; fitted values)

. gen res = bill - yhat_fgls

. gen ln_res2 = ln(res^2)

. regress ln_res2 hhsize inc placedist_d items cash inc2 inc_dist

      Source |       SS           df       MS      Number of obs   =    11,330
-------------+----------------------------------   F(7, 11322)     =    387.13
       Model |  13135.2979         7  1876.47113   Prob > F        =    0.0000
    Residual |  54879.0742    11,322  4.84711837   R-squared       =    0.1931
-------------+----------------------------------   Adj R-squared   =    0.1926
       Total |  68014.3721    11,329  6.00356361   Root MSE        =    2.2016

------------------------------------------------------------------------------
     ln_res2 |      Coef.   Std. Err.      t    P>|t|     [95% Conf. Interval]
-------------+----------------------------------------------------------------
      hhsize |   .0420883   .0113622     3.70   0.000     .0198165    .0643602
         inc |   .0002428   .0000134    18.12   0.000     .0002166    .0002691
 placedist_d |   .0244783    .002229    10.98   0.000      .020109    .0288476
       items |   .0485945   .0014152    34.34   0.000     .0458204    .0513686
        cash |  -.8127712   .0429672   -18.92   0.000    -.8969943   -.7285481
        inc2 |  -6.54e-09   6.81e-10    -9.61   0.000    -7.88e-09   -5.21e-09
    inc_dist |  -1.97e-06   3.32e-07    -5.94   0.000    -2.62e-06   -1.32e-06
       _cons |   3.060569   .0574736    53.25   0.000     2.947911    3.173227
------------------------------------------------------------------------------

. generate sked = exp((_b[hhsize]*hhsize) + (_b[inc]*inc) + (_b[placedist_d]*placedist_d) + (_b[items]*items) + (_b[cash]*cash) + (_b[inc2]*inc2) + (_b[inc_dist]*inc_dist) )

. regress bill hhsize inc placedist_d items cash inc2 inc_dist [aweight = 1 / sked]
(sum of wgt is 4,816.94994692446)

      Source |       SS           df       MS      Number of obs   =    11,330
-------------+----------------------------------   F(7, 11322)     =   1223.28
       Model |  3460965.02         7  494423.574   Prob > F        =    0.0000
    Residual |  4576123.29    11,322  404.179764   R-squared       =    0.4306
-------------+----------------------------------   Adj R-squared   =    0.4303
       Total |  8037088.31    11,329  709.426102   Root MSE        =    20.104

------------------------------------------------------------------------------
        bill |      Coef.   Std. Err.      t    P>|t|     [95% Conf. Interval]
-------------+----------------------------------------------------------------
      hhsize |   .4620454    .110149     4.19   0.000     .2461343    .6779565
         inc |   .0009434    .000148     6.37   0.000     .0006533    .0012335
 placedist_d |   .3504998   .0343416    10.21   0.000     .2831843    .4178153
       items |   2.462082   .0283513    86.84   0.000     2.406508    2.517655
        cash |  -4.522312   .4001154   -11.30   0.000    -5.306608   -3.738017
        inc2 |  -1.26e-08   9.05e-09    -1.39   0.163    -3.03e-08    5.12e-09
    inc_dist |  -.0000179   2.47e-06    -7.27   0.000    -.0000228   -.0000131
       _cons |   3.610921   .5581717     6.47   0.000     2.516808    4.705035
------------------------------------------------------------------------------

. 
end of do-file

. exit, clear
